
 ----------- Welcome to SFINCS -----------

  @@@@@  @@@@@@@ @@ @@  @@   @@@@   @@@@@ 
 @@@ @@@ @@@@@@@ @@ @@@ @@ @@@@@@@ @@@ @@@
 @@@     @@      @@ @@@ @@ @@   @@ @@@    
  @@@@@  @@@@@@  @@ @@@@@@ @@       @@@@@ 
     @@@ @@      @@ @@ @@@ @@   @@     @@@
 @@@ @@@ @@      @@ @@  @@  @@@@@@ @@@ @@@
  @@@@@  @@      @@ @@   @   @@@@   @@@@@ 

 -----------------------------------------

 Build-Revision: $Rev: v2.0.0$
 Build-Date:     $Date: 2022-11-16

 Reading input file ...
 Info : Running SFINCS in subgrid mode ...
 Reading meteo data ...
 Info : Preparing SFINCS grid on regular mesh ...
 Reading sfincs.ind ...
 Reading sfincs.msk ...
 Number of active z points    :       119864
 Number of active u/v points  :       238715
 Reading sfincs.sbg ...
 Reading weir file ...
         937  structure u/v points found
 Reading water level boundaries ...
 Reading observation points ...
 Reading discharges ...
 Reading drainage file ...
 Initializing output ...

 ---------- Starting simulation ----------

   0% complete,       - s remaining ...
   5% complete,    67.1 s remaining ...
  10% complete,    65.0 s remaining ...
  15% complete,    64.6 s remaining ...
  20% complete,    59.7 s remaining ...
  25% complete,    54.1 s remaining ...
  30% complete,    49.5 s remaining ...
  35% complete,    44.9 s remaining ...
  40% complete,    40.6 s remaining ...
  45% complete,    37.0 s remaining ...
  50% complete,    33.7 s remaining ...
  55% complete,    30.8 s remaining ...
  60% complete,    28.0 s remaining ...
  65% complete,    24.8 s remaining ...
  70% complete,    21.3 s remaining ...
  75% complete,    17.8 s remaining ...
  80% complete,    14.1 s remaining ...
  85% complete,    10.5 s remaining ...
  90% complete,     7.0 s remaining ...
  95% complete,     3.5 s remaining ...
 100% complete,     0.0 s remaining ...

 Info : Write maximum values of final timestep since t=dtmaxout was not reached 
 yet...

 ---------- Simulation finished ----------
              ..............              
          ......:@@@@@@@@:......          
       ..::::..@@........@@.:::::..       
     ..:::::..@@..::..::..@@.::::::..     
    .::::::..@@............@@.:::::::.    
   .::::::..@@..............@@.:::::::.   
  .::::::::..@@............@@..::::::::.  
 .:::::::::...@@.@..@@..@.@@..::::::::::. 
 .:::::::::...:@@@..@@..@@@:..:::::::::.. 
 ............@@.@@..@@..@@.@@............ 
 ^^^~~^^~~^^@@..............@@^^^~^^^~~^^ 
 .::::::::::@@..............@@.:::::::::. 
  .......:.@@.....@.....@....@@.:.......  
   .::....@@......@.@@@.@....@@.....::.   
    .:::~@@.:...:.@@...@@.:.:.@@~::::.    
     .::~@@@@@@@@@@.....@@@@@@@@@~::.     
       ..:~~~~~~~:.......:~~~~~~~:..      
          ......................          
              ..............              
 -----------------------------------------

 Total time             :     72.821
 Total simulation time  :     72.670
 Time in input          :      0.151
 Time in boundaries     :      2.439 (  3.4%)
 Time in discharges     :      0.016 (  0.0%)
 Time in momentum       :     49.534 ( 68.2%)
 Time in structures     :      0.540 (  0.7%)
 Time in continuity     :     19.934 ( 27.4%)
 Time in output         :      0.098 (  0.1%)

 Average time step (s)  :      5.520

 ---------- Closing off SFINCS -----------
