2024-02-28 10:45:34 INFO    Delft-Fiat version: 0.1.0.dev
2024-02-28 10:45:34 INFO    Setting up geom model..
2024-02-28 10:45:34 INFO    Using settings from 'c:\Users\terlinde\OneDrive - Stichting Deltares\Documents\GitHub\compound_flood_risk_MLA\Notebooks\..\Models\fiat_model\settings.toml'
2024-02-28 10:45:35 INFO    Maximum number of threads: 4
2024-02-28 10:45:35 INFO    Model srs set to: 'EPSG:26917'
2024-02-28 10:45:35 INFO    Reading hazard data ('hazard_map.nc')
2024-02-28 10:45:35 INFO    Executing hazard checks...
2024-02-28 10:45:35 INFO    Reading vulnerability curves ('vulnerability_curves.csv')
2024-02-28 10:45:35 INFO    Executing vulnerability checks...
2024-02-28 10:45:35 INFO    Upscaling vulnerability curves, using a step size of: 0.01
2024-02-28 10:45:35 INFO    Reading exposure data ('exposure.csv')
2024-02-28 10:45:41 INFO    Executing exposure data checks...
2024-02-28 10:45:41 INFO    Reading exposure geometry 'file1' ('exposure.gpkg')
2024-02-28 10:45:41 INFO    Executing exposure geometry checks...
2024-02-28 10:45:41 WARNING Spatial reference of 'exposure.gpkg' ('EPSG:4326') does not match the model spatial reference ('EPSG:26917')
2024-02-28 10:45:41 INFO    Reprojecting 'exposure.gpkg' to 'EPSG:26917'
2024-02-28 10:46:14 INFO    Reading exposure geometry 'file2' ('exposure1.gpkg')
2024-02-28 10:46:14 INFO    Executing exposure geometry checks...
2024-02-28 10:46:14 WARNING Spatial reference of 'exposure1.gpkg' ('EPSG:4326') does not match the model spatial reference ('EPSG:26917')
2024-02-28 10:46:14 INFO    Reprojecting 'exposure1.gpkg' to 'EPSG:26917'
2024-02-28 10:46:17 INFO    Starting the calculations
2024-02-28 10:46:17 INFO    Using number of threads: 1
2024-02-28 10:46:17 INFO    Submitting a job for the calculations in a seperate process
2024-02-28 10:46:18 INFO    Busy...
2024-02-28 10:46:57 INFO    Calculations time: 40.25 seconds
2024-02-28 10:46:57 INFO    Producing model output from temporary files
2024-02-28 10:46:58 INFO    Busy...
2024-02-28 10:47:35 INFO    Output generated in: 'c:\Users\terlinde\OneDrive - Stichting Deltares\Documents\GitHub\compound_flood_risk_MLA\Notebooks\..\Models\fiat_model\output'
2024-02-28 10:47:35 INFO    Deleting temporary files...
2024-02-28 10:47:35 INFO    Geom calculation are done!
