
###############################################################

        #########    ##          ##      ##############
        ##           ##         ####         ######
        ##           ##         ####           ##
        ##           ##        ##  ##          ##
        ######       ##        ##  ##          ##
        ##           ##       ########         ##
        ##           ##      ##      ##        ##
        ##           ##     ##        ##       ##
        ##           ##    ##          ##      ##

###############################################################

                Fast Impact Assessment Tool
                © Deltares

2024-02-19 13:33:57 INFO    Delft-Fiat version: 0.1.0rc2.dev
2024-02-19 13:33:57 INFO    Setting up geom model..
2024-02-19 13:33:57 INFO    Using settings from 'C:\Users\terlinde\Documents\FloodAdapt\Database\charleston\output\Scenarios\Compound\Impacts\fiat_model\settings.toml'
2024-02-19 13:33:57 INFO    Maximum number of threads: 4
2024-02-19 13:33:57 INFO    Model srs set to: 'EPSG:26917'
2024-02-19 13:33:57 INFO    Reading hazard data ('hazard_map.nc')
2024-02-19 13:33:57 INFO    Executing hazard checks...
2024-02-19 13:33:57 INFO    Reading vulnerability curves ('vulnerability_curves.csv')
2024-02-19 13:33:57 INFO    Executing vulnerability checks...
2024-02-19 13:33:57 INFO    Upscaling vulnerability curves, using a step size of: 0.01
2024-02-19 13:33:57 INFO    Reading exposure data ('exposure.csv')
2024-02-19 13:34:03 INFO    Executing exposure data checks...
2024-02-19 13:34:03 INFO    Reading exposure geometry 'file1' ('exposure.gpkg')
2024-02-19 13:34:03 INFO    Executing exposure geometry checks...
2024-02-19 13:34:03 WARNING Spatial reference of 'exposure.gpkg' ('EPSG:4326') does not match the model spatial reference ('EPSG:26917')
2024-02-19 13:34:03 INFO    Reprojecting 'exposure.gpkg' to 'EPSG:26917'
2024-02-19 13:34:21 INFO    Reading exposure geometry 'file2' ('exposure1.gpkg')
2024-02-19 13:34:21 INFO    Executing exposure geometry checks...
2024-02-19 13:34:21 WARNING Spatial reference of 'exposure1.gpkg' ('EPSG:4326') does not match the model spatial reference ('EPSG:26917')
2024-02-19 13:34:21 INFO    Reprojecting 'exposure1.gpkg' to 'EPSG:26917'
2024-02-19 13:34:22 INFO    Starting the calculations
2024-02-19 13:34:22 INFO    Submitting a job for the calculations in a seperate process
2024-02-19 13:34:22 INFO    Busy...
2024-02-19 13:34:52 INFO    Calculations time: 29.79 seconds
2024-02-19 13:34:52 INFO    Producing model output from temporary files
2024-02-19 13:35:24 INFO    Output generated in: 'C:\Users\terlinde\Documents\FloodAdapt\Database\charleston\output\Scenarios\Compound\Impacts\fiat_model\output'
2024-02-19 13:35:24 INFO    Deleting temporary files...
2024-02-19 13:35:24 INFO    Geom calculation are done!
